<?xml version="1.0" encoding="UTF-8"?>
<!-- Generated by org.testng.reporters.JUnitReportReporter -->
<testsuite hostname="Mypc" failures="0" tests="4" name="com.guru99bank.test.LoginPageTest" time="188.359" errors="0" timestamp="04 Dec 2020 14:54:05 GMT" skipped="0">
  <testcase classname="com.guru99bank.test.LoginPageTest" name="userLogin" time="70.210"/>
  <testcase classname="com.guru99bank.test.LoginPageTest" name="userLogin" time="35.352"/>
  <testcase classname="com.guru99bank.test.LoginPageTest" name="userLogin" time="49.273"/>
  <testcase classname="com.guru99bank.test.LoginPageTest" name="userLogin" time="33.524"/>
</testsuite> <!-- com.guru99bank.test.LoginPageTest -->
