<?xml version="1.0" encoding="UTF-8"?>
<!-- Generated by org.testng.reporters.JUnitReportReporter -->
<testsuite hostname="Mypc" failures="0" tests="1" name="com.guru99bank.test.LoginPageTest" time="7.135" errors="0" timestamp="28 Nov 2020 15:05:18 GMT" skipped="0">
  <testcase classname="com.guru99bank.test.LoginPageTest" name="userLogin" time="7.135"/>
</testsuite> <!-- com.guru99bank.test.LoginPageTest -->
