<?xml version="1.0" encoding="UTF-8"?>
<!-- Generated by org.testng.reporters.JUnitReportReporter -->
<testsuite hostname="Mypc" failures="0" tests="4" name="com.guru99bank.test.LoginPageTest" time="178.461" errors="0" timestamp="04 Dec 2020 12:21:55 GMT" skipped="0">
  <testcase classname="com.guru99bank.test.LoginPageTest" name="userLogin" time="57.016"/>
  <testcase classname="com.guru99bank.test.LoginPageTest" name="userLogin" time="53.891"/>
  <testcase classname="com.guru99bank.test.LoginPageTest" name="userLogin" time="31.979"/>
  <testcase classname="com.guru99bank.test.LoginPageTest" name="userLogin" time="35.575"/>
</testsuite> <!-- com.guru99bank.test.LoginPageTest -->
