<?xml version="1.0" encoding="UTF-8"?>
<!-- Generated by org.testng.reporters.JUnitReportReporter -->
<testsuite hostname="Mypc" failures="0" tests="4" name="com.guru99bank.test.LoginPageTest" time="156.046" errors="0" timestamp="29 Nov 2020 15:56:34 GMT" skipped="0">
  <testcase classname="com.guru99bank.test.LoginPageTest" name="userLogin" time="32.497"/>
  <testcase classname="com.guru99bank.test.LoginPageTest" name="userLogin" time="40.564"/>
  <testcase classname="com.guru99bank.test.LoginPageTest" name="userLogin" time="48.361"/>
  <testcase classname="com.guru99bank.test.LoginPageTest" name="userLogin" time="34.624"/>
</testsuite> <!-- com.guru99bank.test.LoginPageTest -->
